<?xml version="1.0" encoding="UTF-8"?>
<!-- Generated by org.testng.reporters.JUnitReportReporter -->
<testsuite hostname="Ankurs-Surface-3" failures="0" tests="2" name="com.qa.testcases.PumaRegisterationTest" time="22.420" errors="0" timestamp="2022-11-11T14:24:19 EST" skipped="0">
  <testcase classname="com.qa.testcases.PumaRegisterationTest" name="validateNavigateToRegister" time="9.354"/>
  <testcase classname="com.qa.testcases.PumaRegisterationTest" name="validateRegisterartionForm" time="13.066"/>
</testsuite> <!-- com.qa.testcases.PumaRegisterationTest -->
