<?xml version="1.0" encoding="UTF-8"?>
<!-- Generated by org.testng.reporters.JUnitReportReporter -->
<testsuite hostname="Ankurs-Surface-3" failures="0" tests="1" name="com.qa.testcases.AddidasMenNewArrivalTest" time="22.324" errors="0" timestamp="2022-11-11T14:24:19 EST" skipped="0">
  <testcase classname="com.qa.testcases.AddidasMenNewArrivalTest" name="hovetToNewArrival" time="22.324"/>
</testsuite> <!-- com.qa.testcases.AddidasMenNewArrivalTest -->
