<?xml version="1.0" encoding="UTF-8"?>
<!-- Generated by org.testng.reporters.JUnitReportReporter -->
<testsuite hostname="Ankurs-Surface-3" failures="0" tests="12" name="sports.PumaTest" time="18.324" errors="0" timestamp="2022-11-06T15:03:31 EST" skipped="0">
  <testcase classname="sports.PumaTest" name="launchPuma" time="8.120"/>
  <system-out/>
  <testcase classname="sports.PumaTest" name="closePopUp" time="1.238"/>
  <system-out/>
  <testcase classname="sports.PumaTest" name="getMenuItems" time="0.131"/>
  <system-out/>
  <testcase classname="sports.PumaTest" name="printMenuItems" time="0.941"/>
  <system-out/>
  <testcase classname="sports.PumaTest" name="navigateDown" time="0.584"/>
  <system-out/>
  <testcase classname="sports.PumaTest" name="clickSignIn" time="4.090"/>
  <system-out/>
  <testcase classname="sports.PumaTest" name="getFooterItems" time="0.072"/>
  <system-out/>
  <testcase classname="sports.PumaTest" name="signinDetails" time="1.205"/>
  <system-out/>
  <testcase classname="sports.PumaTest" name="printFooterItems" time="0.119"/>
  <system-out/>
  <testcase classname="sports.PumaTest" name="joinUs" time="0.452"/>
  <system-out/>
  <testcase classname="sports.PumaTest" name="register" time="1.132"/>
  <system-out/>
  <testcase classname="sports.PumaTest" name="navigateBack" time="0.240"/>
  <system-out/>
</testsuite> <!-- sports.PumaTest -->
