<?xml version="1.0" encoding="UTF-8"?>
<!-- Generated by org.testng.reporters.JUnitReportReporter -->
<testsuite hostname="Ankurs-Surface-3" failures="0" tests="1" name="com.q.a.testcases.AddidasMenNewArrivalTest" time="20.688" errors="0" timestamp="2022-11-09T19:20:51 EST" skipped="0">
  <testcase classname="com.q.a.testcases.AddidasMenNewArrivalTest" name="hovetToNewArrival" time="20.688"/>
  <system-out/>
</testsuite> <!-- com.q.a.testcases.AddidasMenNewArrivalTest -->
