<?xml version="1.0" encoding="UTF-8"?>
<!-- Generated by org.testng.reporters.JUnitReportReporter -->
<testsuite hostname="Ankurs-Surface-3" failures="0" tests="10" name="sports.AddidasTest" time="15.077" errors="0" timestamp="2022-11-09T12:14:25 EST" skipped="0">
  <testcase classname="sports.AddidasTest" name="launchAddidas" time="4.613"/>
  <system-out/>
  <testcase classname="sports.AddidasTest" name="closePopUp" time="3.342"/>
  <system-out/>
  <testcase classname="sports.AddidasTest" name="getMenuItems" time="0.121"/>
  <system-out/>
  <testcase classname="sports.AddidasTest" name="printMenuItems" time="0.120"/>
  <system-out/>
  <testcase classname="sports.AddidasTest" name="clickSignIn" time="0.850"/>
  <system-out/>
  <testcase classname="sports.AddidasTest" name="signinDetails" time="2.177"/>
  <system-out/>
  <testcase classname="sports.AddidasTest" name="closeSignIn" time="0.389"/>
  <system-out/>
  <testcase classname="sports.AddidasTest" name="navigateDown" time="3.100"/>
  <system-out/>
  <testcase classname="sports.AddidasTest" name="getFooterItems" time="0.053"/>
  <system-out/>
  <testcase classname="sports.AddidasTest" name="printFooterItems" time="0.312"/>
  <system-out/>
</testsuite> <!-- sports.AddidasTest -->
