<?xml version="1.0" encoding="UTF-8"?>
<!-- Generated by org.testng.reporters.JUnitReportReporter -->
<testsuite hostname="Ankurs-Surface-3" failures="0" tests="1" name="com.qa.testcases.AddidasMenNewArrivalTest" time="23.316" errors="0" timestamp="2022-11-12T12:46:18 EST" skipped="0">
  <testcase classname="com.qa.testcases.AddidasMenNewArrivalTest" name="hovetToNewArrival" time="23.316"/>
  <system-out/>
</testsuite> <!-- com.qa.testcases.AddidasMenNewArrivalTest -->
