<?xml version="1.0" encoding="UTF-8"?>
<!-- Generated by org.testng.reporters.JUnitReportReporter -->
<testsuite hostname="Ankurs-Surface-3" failures="0" tests="10" name="sports.AddidasTest" time="0.001" errors="0" timestamp="2022-11-12T12:36:59 EST" skipped="10">
  <testcase classname="sports.AddidasTest" name="launchAddidas" time="0.000">
    <skipped/>
  </testcase> <!-- launchAddidas -->
  <system-out/>
  <testcase classname="sports.AddidasTest" name="closePopUp" time="0.000">
    <skipped/>
  </testcase> <!-- closePopUp -->
  <system-out/>
  <testcase classname="sports.AddidasTest" name="getMenuItems" time="0.000">
    <skipped/>
  </testcase> <!-- getMenuItems -->
  <system-out/>
  <testcase classname="sports.AddidasTest" name="printMenuItems" time="0.001">
    <skipped/>
  </testcase> <!-- printMenuItems -->
  <system-out/>
  <testcase classname="sports.AddidasTest" name="clickSignIn" time="0.000">
    <skipped/>
  </testcase> <!-- clickSignIn -->
  <system-out/>
  <testcase classname="sports.AddidasTest" name="signinDetails" time="0.000">
    <skipped/>
  </testcase> <!-- signinDetails -->
  <system-out/>
  <testcase classname="sports.AddidasTest" name="closeSignIn" time="0.000">
    <skipped/>
  </testcase> <!-- closeSignIn -->
  <system-out/>
  <testcase classname="sports.AddidasTest" name="navigateDown" time="0.000">
    <skipped/>
  </testcase> <!-- navigateDown -->
  <system-out/>
  <testcase classname="sports.AddidasTest" name="getFooterItems" time="0.000">
    <skipped/>
  </testcase> <!-- getFooterItems -->
  <system-out/>
  <testcase classname="sports.AddidasTest" name="printFooterItems" time="0.000">
    <skipped/>
  </testcase> <!-- printFooterItems -->
  <system-out/>
</testsuite> <!-- sports.AddidasTest -->
