<?xml version="1.0" encoding="UTF-8"?>
<!-- Generated by org.testng.reporters.JUnitReportReporter -->
<testsuite hostname="Ankurs-Surface-3" failures="0" tests="12" name="sports.PumaTest" time="0.001" errors="0" timestamp="2022-11-12T12:36:59 EST" skipped="12">
  <testcase classname="sports.PumaTest" name="launchPuma" time="0.000">
    <skipped/>
  </testcase> <!-- launchPuma -->
  <system-out/>
  <testcase classname="sports.PumaTest" name="closePopUp" time="0.000">
    <skipped/>
  </testcase> <!-- closePopUp -->
  <system-out/>
  <testcase classname="sports.PumaTest" name="getMenuItems" time="0.000">
    <skipped/>
  </testcase> <!-- getMenuItems -->
  <system-out/>
  <testcase classname="sports.PumaTest" name="printMenuItems" time="0.000">
    <skipped/>
  </testcase> <!-- printMenuItems -->
  <system-out/>
  <testcase classname="sports.PumaTest" name="clickSignIn" time="0.000">
    <skipped/>
  </testcase> <!-- clickSignIn -->
  <system-out/>
  <testcase classname="sports.PumaTest" name="navigateDown" time="0.000">
    <skipped/>
  </testcase> <!-- navigateDown -->
  <system-out/>
  <testcase classname="sports.PumaTest" name="signinDetails" time="0.000">
    <skipped/>
  </testcase> <!-- signinDetails -->
  <system-out/>
  <testcase classname="sports.PumaTest" name="getFooterItems" time="0.000">
    <skipped/>
  </testcase> <!-- getFooterItems -->
  <system-out/>
  <testcase classname="sports.PumaTest" name="printFooterItems" time="0.001">
    <skipped/>
  </testcase> <!-- printFooterItems -->
  <system-out/>
  <testcase classname="sports.PumaTest" name="joinUs" time="0.000">
    <skipped/>
  </testcase> <!-- joinUs -->
  <system-out/>
  <testcase classname="sports.PumaTest" name="register" time="0.000">
    <skipped/>
  </testcase> <!-- register -->
  <system-out/>
  <testcase classname="sports.PumaTest" name="navigateBack" time="0.000">
    <skipped/>
  </testcase> <!-- navigateBack -->
  <system-out/>
</testsuite> <!-- sports.PumaTest -->
