<?xml version="1.0" encoding="UTF-8"?>
<!-- Generated by org.testng.reporters.JUnitReportReporter -->
<testsuite hostname="Ankurs-Surface-3" failures="0" tests="2" name="com.qa.testcases.PumaRegisterationTest" time="23.104" errors="0" timestamp="2022-11-12T12:46:18 EST" skipped="0">
  <testcase classname="com.qa.testcases.PumaRegisterationTest" name="validateNavigateToRegister" time="10.614"/>
  <system-out/>
  <testcase classname="com.qa.testcases.PumaRegisterationTest" name="validateRegisterartionForm" time="12.490"/>
  <system-out/>
</testsuite> <!-- com.qa.testcases.PumaRegisterationTest -->
